2026-07-05 03:33:51,105 [INFO] daily-run started
2026-07-05 03:34:08,141 [INFO] update: 4
2026-07-05 03:34:08,255 [INFO] recommend: [2, 4, 6, 18, 28, 35] confidence=高
2026-07-05 03:34:08,255 [INFO] daily-run completed
2026-07-05 03:34:22,587 [INFO] daily-run started
2026-07-05 03:34:22,591 [INFO] update: 0
2026-07-05 03:34:22,704 [INFO] recommend: [2, 4, 6, 18, 28, 35] confidence=高
2026-07-05 03:34:22,704 [INFO] daily-run completed
2026-07-05 03:36:24,331 [INFO] daily-run started
2026-07-05 03:36:24,335 [INFO] update: 0
2026-07-05 03:36:24,450 [INFO] recommend: [2, 4, 6, 18, 28, 35] confidence=高
2026-07-05 03:36:26,829 [INFO] telegram pushed
2026-07-05 03:36:26,829 [INFO] daily-run completed
2026-07-05 03:40:54,482 [INFO] daily-run started
2026-07-05 03:40:54,486 [INFO] update: 0
2026-07-05 03:40:54,610 [INFO] recommend: [2, 4, 6, 18, 28, 35] confidence=高
2026-07-05 03:40:55,465 [INFO] telegram pushed
2026-07-05 03:40:55,465 [INFO] daily-run completed
2026-07-05 03:46:40,832 [INFO] daily-run started
2026-07-05 03:46:40,839 [INFO] update: 0
2026-07-05 03:46:40,962 [INFO] recommend: [2, 4, 6, 18, 28, 35] confidence=高
2026-07-05 03:46:41,804 [INFO] telegram pushed
2026-07-05 03:46:41,804 [INFO] daily-run completed
2026-07-05 03:46:41,805 [INFO] daily-run started
2026-07-05 03:46:41,808 [INFO] update: 0
2026-07-05 03:46:41,921 [INFO] recommend: [2, 4, 6, 18, 28, 35] confidence=高
2026-07-05 03:46:42,708 [INFO] telegram pushed
2026-07-05 03:46:42,708 [INFO] daily-run completed
2026-07-05 03:50:07,644 [INFO] daily-run started
2026-07-05 03:50:07,652 [INFO] update: 0
2026-07-05 03:50:07,774 [INFO] recommend: [2, 4, 6, 18, 28, 35] confidence=高
2026-07-05 03:50:10,344 [INFO] telegram pushed
2026-07-05 03:50:10,344 [INFO] daily-run completed
2026-07-05 03:50:17,786 [INFO] daily-run started
2026-07-05 03:50:17,795 [INFO] update: 0
2026-07-05 03:50:17,918 [INFO] recommend: [2, 4, 6, 18, 28, 35] confidence=高
2026-07-05 03:50:20,534 [INFO] telegram pushed
2026-07-05 03:50:20,534 [INFO] daily-run completed
2026-07-05 04:13:52,602 [INFO] daily-run started
2026-07-05 04:13:52,608 [INFO] update: 0
2026-07-05 04:14:01,789 [INFO] recommend: [2, 6, 18, 28, 34, 35] confidence=高
2026-07-05 04:14:05,021 [INFO] telegram pushed
2026-07-05 04:14:05,021 [INFO] daily-run completed
2026-07-05 04:16:08,024 [INFO] daily-run started
2026-07-05 04:16:08,035 [INFO] update: 0
2026-07-05 04:16:19,481 [INFO] recommend: [2, 6, 18, 28, 34, 35] confidence=高
2026-07-05 04:16:20,674 [INFO] telegram pushed
2026-07-05 04:16:20,674 [INFO] daily-run completed
2026-07-05 04:21:03,169 [INFO] daily-run started
2026-07-05 04:21:03,177 [INFO] update: 0
2026-07-05 04:21:09,232 [ERROR] recommend failed: unterminated string literal (detected at line 83) (recommender.py, line 83)
2026-07-05 04:21:09,232 [INFO] daily-run completed
2026-07-05 04:24:04,168 [INFO] daily-run started
2026-07-05 04:24:04,175 [INFO] update: 0
2026-07-05 04:24:11,051 [INFO] recommend: [1, 2, 6, 28, 34] confidence=高
2026-07-05 04:24:11,052 [ERROR] recommend failed: 'deviation'
2026-07-05 04:24:11,052 [INFO] daily-run completed
2026-07-05 04:27:27,727 [INFO] daily-run started
2026-07-05 04:27:27,734 [INFO] update: 0
2026-07-05 04:27:31,568 [ERROR] recommend failed: 'six_pct_3'
2026-07-05 04:27:31,568 [INFO] daily-run completed
2026-07-05 04:27:37,940 [INFO] daily-run started
2026-07-05 04:27:37,948 [INFO] update: 0
2026-07-05 04:27:44,288 [ERROR] recommend failed: 'six_pct_3'
2026-07-05 04:27:44,288 [INFO] daily-run completed
2026-07-05 04:28:06,459 [INFO] daily-run started
2026-07-05 04:28:06,465 [INFO] update: 0
2026-07-05 04:28:10,507 [INFO] recommend: [1, 2, 6, 28, 34] confidence=高
2026-07-05 04:28:10,507 [ERROR] recommend failed: 'deviation'
2026-07-05 04:28:10,507 [INFO] daily-run completed
2026-07-05 04:28:19,602 [INFO] daily-run started
2026-07-05 04:28:19,609 [INFO] update: 0
2026-07-05 04:28:26,150 [INFO] recommend: [1, 2, 6, 28, 34] confidence=高
2026-07-05 04:28:26,151 [ERROR] recommend failed: name 'mode' is not defined
2026-07-05 04:28:26,151 [INFO] daily-run completed
2026-07-05 04:28:31,317 [INFO] daily-run started
2026-07-05 04:28:31,324 [INFO] update: 0
2026-07-05 04:28:36,399 [INFO] recommend: [1, 2, 6, 28, 34] confidence=高
2026-07-05 04:28:36,399 [ERROR] recommend failed: name 'mode' is not defined
2026-07-05 04:28:36,399 [INFO] daily-run completed
2026-07-05 04:28:44,846 [INFO] daily-run started
2026-07-05 04:28:44,853 [INFO] update: 0
2026-07-05 04:28:48,890 [INFO] recommend: [1, 2, 6, 28, 34] confidence=高
2026-07-05 04:28:48,890 [ERROR] recommend failed: name 'result' is not defined
2026-07-05 04:28:48,890 [INFO] daily-run completed
2026-07-05 04:28:56,145 [INFO] daily-run started
2026-07-05 04:28:56,152 [INFO] update: 0
2026-07-05 04:29:00,384 [INFO] recommend: [1, 2, 6, 28, 34] confidence=高
2026-07-05 04:29:00,384 [ERROR] recommend failed: name 'result' is not defined
2026-07-05 04:29:00,384 [INFO] daily-run completed
2026-07-05 04:29:08,054 [INFO] daily-run started
2026-07-05 04:29:08,061 [INFO] update: 0
2026-07-05 04:29:12,717 [INFO] recommend: [1, 2, 6, 28, 34] confidence=高
2026-07-05 04:29:12,718 [ERROR] recommend failed: name 'result' is not defined
2026-07-05 04:29:12,718 [INFO] daily-run completed
2026-07-05 04:29:36,077 [INFO] daily-run started
2026-07-05 04:29:36,084 [INFO] update: 0
2026-07-05 04:29:40,791 [INFO] recommend: [1, 2, 6, 28, 34] confidence=高
2026-07-05 04:29:40,791 [ERROR] recommend failed: name 'result' is not defined
2026-07-05 04:29:40,791 [INFO] daily-run completed
2026-07-05 04:29:47,198 [INFO] daily-run started
2026-07-05 04:29:47,205 [INFO] update: 0
2026-07-05 04:29:52,605 [INFO] recommend: [1, 2, 6, 28, 34] confidence=高
2026-07-05 04:29:52,605 [ERROR] recommend failed: name 'result' is not defined
2026-07-05 04:29:52,605 [INFO] daily-run completed
2026-07-05 04:30:04,766 [INFO] daily-run started
2026-07-05 04:30:04,774 [INFO] update: 0
2026-07-05 04:30:08,856 [INFO] recommend: [1, 2, 6, 28, 34] confidence=高
2026-07-05 04:30:08,857 [ERROR] recommend failed: name 'result' is not defined
2026-07-05 04:30:08,857 [INFO] daily-run completed
2026-07-05 04:30:14,937 [INFO] daily-run started
2026-07-05 04:30:14,944 [INFO] update: 0
2026-07-05 04:30:22,124 [INFO] recommend: [1, 2, 6, 28, 34] confidence=高
2026-07-05 04:30:22,124 [ERROR] recommend failed: name 'result' is not defined
2026-07-05 04:30:22,124 [INFO] daily-run completed
2026-07-05 04:30:28,868 [INFO] daily-run started
2026-07-05 04:30:28,876 [INFO] update: 0
2026-07-05 04:30:33,340 [INFO] recommend: [1, 2, 6, 28, 34] confidence=高
2026-07-05 04:30:33,341 [ERROR] recommend failed: name 'result' is not defined
2026-07-05 04:30:33,341 [INFO] daily-run completed
2026-07-05 04:30:46,208 [INFO] daily-run started
2026-07-05 04:30:46,215 [INFO] update: 0
2026-07-05 04:30:50,278 [INFO] recommend: [1, 2, 6, 28, 34] confidence=高
2026-07-05 04:30:50,278 [ERROR] recommend failed: name 'result' is not defined
2026-07-05 04:30:50,278 [INFO] daily-run completed
2026-07-05 04:30:58,288 [INFO] daily-run started
2026-07-05 04:30:58,295 [INFO] update: 0
2026-07-05 04:31:03,142 [INFO] recommend: [1, 2, 6, 28, 34] confidence=高
2026-07-05 04:31:04,480 [INFO] telegram pushed
2026-07-05 04:31:04,480 [INFO] daily-run completed
2026-07-05 05:11:23,432 [INFO] daily-run started
2026-07-05 05:11:23,441 [INFO] update: 0
2026-07-05 05:11:29,887 [INFO] recommend: [1, 2, 4, 6, 28, 34] confidence=高
2026-07-05 05:11:29,887 [INFO] daily-run completed
2026-07-05 05:13:44,490 [INFO] daily-run started
2026-07-05 05:13:44,496 [INFO] update: 0
2026-07-05 05:13:51,929 [INFO] recommend: [1, 2, 4, 6, 28, 34] confidence=高
2026-07-05 05:13:52,736 [INFO] telegram pushed
2026-07-05 05:13:52,736 [INFO] daily-run completed
2026-07-05 05:29:52,489 [INFO] daily-run started
2026-07-05 05:29:52,496 [INFO] update: 0
2026-07-05 05:29:56,825 [INFO] recommend: [1, 2, 4, 6, 28, 34] confidence=高
2026-07-05 05:29:57,621 [INFO] telegram pushed
2026-07-05 05:29:57,621 [INFO] daily-run completed
2026-07-05 05:31:28,226 [INFO] daily-run started
2026-07-05 05:31:28,243 [INFO] update: 0
2026-07-05 05:31:32,644 [INFO] recommend: [1, 2, 4, 6, 28, 34] confidence=高
2026-07-05 05:31:33,628 [INFO] telegram pushed
2026-07-05 05:31:33,628 [INFO] daily-run completed
2026-07-05 15:29:19,478 [INFO] daily-run started
2026-07-05 15:29:19,487 [INFO] update: 0
2026-07-05 15:29:23,921 [INFO] recommend: [1, 2, 4, 6, 28, 34] confidence=高
2026-07-05 15:29:24,707 [INFO] telegram pushed
2026-07-05 15:29:24,707 [INFO] daily-run completed
